224.0099 	WARNING 	Monitor specification not found. Creating a temporary one...
224.0122 	WARNING 	User requested fullscreen with size [1440  900], but screen is actually [2880, 1800]. Using actual size
224.9724 	EXP 	Created window1 = Window(allowGUI=False, allowStencil=False, args=UNKNOWN, autoLog=True, bitsMode=UNKNOWN, blendMode='avg', color=array([0., 0., 0.]), colorSpace='hsv', fullscr=<method-wrapper '__getattribute__' of attributeSetter object at 0x00000277808B85C0>, gamma=None, kwargs=UNKNOWN, lms=UNKNOWN, monitor=<psychopy.monitors.calibTools.Monitor object at 0x00000277808702E8>, multiSample=False, name='window1', numSamples=2, pos=[0.0, 0.0], screen=0, size=array([2880, 1800]), stereo=False, units='height', useFBO=True, useRetina=False, viewOri=0.0, viewPos=None, viewScale=None, waitBlanking=True, winType='pyglet')
224.9724 	EXP 	window1: recordFrameIntervals = False
225.1386 	EXP 	window1: recordFrameIntervals = True
225.3220 	EXP 	window1: recordFrameIntervals = False
225.5825 	EXP 	Created Stroop_Instr = TextStim(__class__=<class 'psychopy.visual.text.TextStim'>, alignHoriz='center', alignVert='center', antialias=True, autoLog=True, bold=False, color='white', colorSpace='named', contrast=1.0, depth=0.0, flipHoriz=False, flipVert=False, font='Arial', fontFiles=[], height=0.05, italic=False, languageStyle='LTR', name='Stroop_Instr', opacity=1.0, ori=0, pos=array([0., 0.]), rgb=array([255., 255., 255.]), text='default text', units='height', win=Window(...), wrapWidth=1)
225.5859 	EXP 	Created cont = TextStim(__class__=<class 'psychopy.visual.text.TextStim'>, alignHoriz='center', alignVert='center', antialias=True, autoLog=True, bold=False, color='white', colorSpace='named', contrast=1.0, depth=-2.0, flipHoriz=False, flipVert=False, font='Arial', fontFiles=[], height=0.05, italic=False, languageStyle='LTR', name='cont', opacity=1.0, ori=0, pos=array([ 0. , -0.4]), rgb=array([255., 255., 255.]), text='default text', units='height', win=Window(...), wrapWidth=1)
225.6559 	EXP 	Created fixation_cross = TextStim(__class__=<class 'psychopy.visual.text.TextStim'>, alignHoriz='center', alignVert='center', antialias=True, autoLog=True, bold=False, color='white', colorSpace='named', contrast=1.0, depth=0.0, flipHoriz=False, flipVert=False, font='Arial', fontFiles=[], height=0.15, italic=False, languageStyle='LTR', name='fixation_cross', opacity=1.0, ori=0, pos=array([0., 0.]), rgb=array([255., 255., 255.]), text='+', units='height', win=Window(...), wrapWidth=1)
225.6906 	EXP 	Created Stroop_Text = TextStim(__class__=<class 'psychopy.visual.text.TextStim'>, alignHoriz='center', alignVert='center', antialias=True, autoLog=True, bold=False, color='white', colorSpace='named', contrast=1.0, depth=0.0, flipHoriz=False, flipVert=False, font='Arial', fontFiles=[], height=0.15, italic=False, languageStyle='LTR', name='Stroop_Text', opacity=1.0, ori=0, pos=array([0., 0.]), rgb=array([255., 255., 255.]), text='default text', units='height', win=Window(...), wrapWidth=1)
225.6939 	EXP 	Created practice_cue_txt = TextStim(__class__=<class 'psychopy.visual.text.TextStim'>, alignHoriz='center', alignVert='center', antialias=True, autoLog=True, bold=False, color='white', colorSpace='named', contrast=1.0, depth=-2.0, flipHoriz=False, flipVert=False, font='Arial', fontFiles=[], height=0.05, italic=False, languageStyle='LTR', name='practice_cue_txt', opacity=1.0, ori=0, pos=array([ 0. , -0.4]), rgb=array([255., 255., 255.]), text='default text', units='height', win=Window(...), wrapWidth=1)
225.6973 	EXP 	Created prac_cont = TextStim(__class__=<class 'psychopy.visual.text.TextStim'>, alignHoriz='center', alignVert='center', antialias=True, autoLog=True, bold=False, color='white', colorSpace='named', contrast=1.0, depth=-3.0, flipHoriz=False, flipVert=False, font='Arial', fontFiles=[], height=0.05, italic=False, languageStyle='LTR', name='prac_cont', opacity=1.0, ori=0, pos=array([ 0.  , -0.45]), rgb=array([255., 255., 255.]), text='default text', units='height', win=Window(...), wrapWidth=1)
226.2415 	EXP 	Created full_instr_txt = TextStim(__class__=<class 'psychopy.visual.text.TextStim'>, alignHoriz='center', alignVert='center', antialias=True, autoLog=True, bold=False, color='white', colorSpace='named', contrast=1.0, depth=0.0, flipHoriz=False, flipVert=False, font='Arial', fontFiles=[], height=0.05, italic=False, languageStyle='LTR', name='full_instr_txt', opacity=1.0, ori=0, pos=array([0., 0.]), rgb=array([255., 255., 255.]), text=str(...), units='height', win=Window(...), wrapWidth=1)
226.2495 	EXP 	Created full_instr_cont = TextStim(__class__=<class 'psychopy.visual.text.TextStim'>, alignHoriz='center', alignVert='center', antialias=True, autoLog=True, bold=False, color='white', colorSpace='named', contrast=1.0, depth=-2.0, flipHoriz=False, flipVert=False, font='Arial', fontFiles=[], height=0.05, italic=False, languageStyle='LTR', name='full_instr_cont', opacity=1.0, ori=0, pos=array([ 0. , -0.4]), rgb=array([255., 255., 255.]), text='Press SPACE to begin.', units='height', win=Window(...), wrapWidth=1)
226.2515 	EXP 	Created fixation_cross = TextStim(__class__=<class 'psychopy.visual.text.TextStim'>, alignHoriz='center', alignVert='center', antialias=True, autoLog=True, bold=False, color='white', colorSpace='named', contrast=1.0, depth=0.0, flipHoriz=False, flipVert=False, font='Arial', fontFiles=[], height=0.15, italic=False, languageStyle='LTR', name='fixation_cross', opacity=1.0, ori=0, pos=array([0., 0.]), rgb=array([255., 255., 255.]), text='+', units='height', win=Window(...), wrapWidth=1)
226.2549 	EXP 	Created Stroop_Text_Full = TextStim(__class__=<class 'psychopy.visual.text.TextStim'>, alignHoriz='center', alignVert='center', antialias=True, autoLog=True, bold=False, color='white', colorSpace='named', contrast=1.0, depth=0.0, flipHoriz=False, flipVert=False, font='Arial', fontFiles=[], height=0.15, italic=False, languageStyle='LTR', name='Stroop_Text_Full', opacity=1.0, ori=0, pos=array([0., 0.]), rgb=array([255., 255., 255.]), text='default text', units='height', win=Window(...), wrapWidth=1)
226.2794 	EXP 	Created text_2 = TextStim(__class__=<class 'psychopy.visual.text.TextStim'>, alignHoriz='center', alignVert='center', antialias=True, autoLog=True, bold=False, color='white', colorSpace='named', contrast=1.0, depth=0.0, flipHoriz=False, flipVert=False, font='Arial', fontFiles=[], height=0.05, italic=False, languageStyle='LTR', name='text_2', opacity=1.0, ori=0, pos=array([0., 0.]), rgb=array([255., 255., 255.]), text=str(...), units='height', win=Window(...), wrapWidth=1)
226.3070 	EXP 	Imported SCWT_Instr.xlsx as conditions, 6 conditions, 3 params
226.3072 	EXP 	Created sequence: sequential, trialTypes=6, nReps=1, seed=None
226.3074 	EXP 	New trial (rep=0, index=0): OrderedDict([('index', 0), ('text', 'During this task, you will see three types of stimuli:\n      1.  Colored asterisks\n      2.  Color names written in black\n      3.  Color names written in color'), ('cont_text', 'Press SPACE for more instructions.')])
226.4554 	EXP 	Stroop_Instr: text = 'During this task, you will see three types of stimuli:\n      1.  Colored asterisks\n      2.  Color names written in black\n      3.  Color names written in color'
226.4554 	EXP 	cont: text = 'Press SPACE for more instructions.'
226.4554 	EXP 	Stroop_Instr: autoDraw = True
226.4554 	EXP 	cont: autoDraw = True
240.8433 	DATA 	Keypress: space
240.8596 	EXP 	New trial (rep=0, index=1): OrderedDict([('index', 1), ('text', 'If you see a color name written in white...\n      Read the name.'), ('cont_text', 'Press SPACE for more instructions.')])
240.9051 	EXP 	Stroop_Instr: autoDraw = False
240.9051 	EXP 	cont: autoDraw = False
240.9051 	EXP 	Stroop_Instr: text = 'If you see a color name written in white...\n      Read the name.'
240.9051 	EXP 	cont: text = 'Press SPACE for more instructions.'
240.9051 	EXP 	Stroop_Instr: autoDraw = True
240.9051 	EXP 	cont: autoDraw = True
246.7423 	EXP 	New trial (rep=0, index=2): OrderedDict([('index', 2), ('text', 'If you see colored asterisks...\n      Say the color.'), ('cont_text', 'Press SPACE for more instructions.')])
246.7680 	DATA 	Keypress: space
246.7714 	EXP 	Stroop_Instr: autoDraw = False
246.7714 	EXP 	cont: autoDraw = False
246.7714 	EXP 	Stroop_Instr: text = 'If you see colored asterisks...\n      Say the color.'
246.7714 	EXP 	cont: text = 'Press SPACE for more instructions.'
246.7714 	EXP 	Stroop_Instr: autoDraw = True
246.7714 	EXP 	cont: autoDraw = True
255.1758 	EXP 	New trial (rep=0, index=3): OrderedDict([('index', 3), ('text', 'But, if you see a color name written in color...\n\nSay the color that the word is written in. \n      DO NOT read the word.'), ('cont_text', 'Press SPACE for more instructions.')])
255.2262 	DATA 	Keypress: space
255.2383 	EXP 	Stroop_Instr: autoDraw = False
255.2383 	EXP 	cont: autoDraw = False
255.2383 	EXP 	Stroop_Instr: text = 'But, if you see a color name written in color...\n\nSay the color that the word is written in. \n      DO NOT read the word.'
255.2383 	EXP 	cont: text = 'Press SPACE for more instructions.'
255.2383 	EXP 	Stroop_Instr: autoDraw = True
255.2383 	EXP 	cont: autoDraw = True
278.6255 	EXP 	New trial (rep=0, index=4): OrderedDict([('index', 4), ('text', 'So, if you see "Red" written in Blue letters, \n\nSay "Blue".\nDo NOT say "Red".'), ('cont_text', 'Press SPACE for more instructions.')])
278.6611 	DATA 	Keypress: space
278.6706 	EXP 	Stroop_Instr: autoDraw = False
278.6706 	EXP 	cont: autoDraw = False
278.6706 	EXP 	Stroop_Instr: text = 'So, if you see "Red" written in Blue letters, \n\nSay "Blue".\nDo NOT say "Red".'
278.6706 	EXP 	cont: text = 'Press SPACE for more instructions.'
278.6706 	EXP 	Stroop_Instr: autoDraw = True
278.6706 	EXP 	cont: autoDraw = True
311.4410 	EXP 	New trial (rep=0, index=5): OrderedDict([('index', 5), ('text', '\n\nLet’s practice.'), ('cont_text', 'Press SPACE to begin.')])
311.4653 	DATA 	Keypress: space
311.4701 	EXP 	Stroop_Instr: autoDraw = False
311.4701 	EXP 	cont: autoDraw = False
311.4701 	EXP 	Stroop_Instr: text = '\n\nLet’s practice.'
311.4701 	EXP 	cont: text = 'Press SPACE to begin.'
311.4701 	EXP 	Stroop_Instr: autoDraw = True
311.4701 	EXP 	cont: autoDraw = True
313.0397 	EXP 	Imported SCWT_trials.xlsx as conditions, 6 conditions, 8 params
313.0400 	EXP 	Created sequence: sequential, trialTypes=6, nReps=1, seed=None
313.0403 	EXP 	New trial (rep=0, index=0): OrderedDict([('index', 0), ('StroopText', 'Orange'), ('StroopColor', 'white'), ('StroopCondition', 'Word'), ('correct', 'orange'), ('is_practice', 'yes'), ('practice_cue', '(Say "Orange")'), ('practice_cont', 'Press SPACE to continue.')])
313.0421 	DATA 	Keypress: space
313.0533 	EXP 	Stroop_Instr: autoDraw = False
313.0533 	EXP 	cont: autoDraw = False
314.0696 	EXP 	fixation_cross: autoDraw = True
314.5698 	EXP 	fixation_cross: autoDraw = False
314.5698 	EXP 	Stroop_Text: color = 'white (named)'
314.5698 	EXP 	Stroop_Text: text = 'Orange'
314.5698 	EXP 	practice_cue_txt: text = '(Say "Orange")'
314.5698 	EXP 	prac_cont: text = 'Press SPACE to continue.'
314.5698 	EXP 	Stroop_Text: autoDraw = True
315.5200 	EXP 	practice_cue_txt: autoDraw = True
315.5200 	EXP 	prac_cont: autoDraw = True
315.8679 	EXP 	New trial (rep=0, index=1): OrderedDict([('index', 1), ('StroopText', 'Yellow'), ('StroopColor', 'green'), ('StroopCondition', 'CW'), ('correct', 'green'), ('is_practice', 'yes'), ('practice_cue', '(Say "Green")'), ('practice_cont', 'Press SPACE to continue.')])
315.8697 	DATA 	Keypress: space
315.8869 	EXP 	Stroop_Text: autoDraw = False
315.8869 	EXP 	practice_cue_txt: autoDraw = False
315.8869 	EXP 	prac_cont: autoDraw = False
316.8866 	EXP 	fixation_cross: autoDraw = True
317.4032 	EXP 	fixation_cross: autoDraw = False
317.4032 	EXP 	Stroop_Text: color = 'green (named)'
317.4032 	EXP 	Stroop_Text: text = 'Yellow'
317.4032 	EXP 	practice_cue_txt: text = '(Say "Green")'
317.4032 	EXP 	prac_cont: text = 'Press SPACE to continue.'
317.4032 	EXP 	Stroop_Text: autoDraw = True
317.7817 	EXP 	New trial (rep=0, index=2): OrderedDict([('index', 2), ('StroopText', '******'), ('StroopColor', 'purple'), ('StroopCondition', 'Color'), ('correct', 'purple'), ('is_practice', 'yes'), ('practice_cue', '(Say "Purple")'), ('practice_cont', 'Press SPACE to continue.')])
317.7840 	DATA 	Keypress: space
317.8032 	EXP 	Stroop_Text: autoDraw = False
317.8032 	EXP 	practice_cue_txt: autoDraw = False
317.8032 	EXP 	prac_cont: autoDraw = False
318.5389 	DATA 	Keypress: escape
318.7612 	EXP 	window1: mouseVisible = True
